<?xml version="1.0" encoding="UTF-8"?>
<!-- Generated by org.testng.reporters.JUnitXMLReporter -->
<testsuite hostname="ip-172-31-7-76" ignored="0" name="Default test" tests="3" failures="0" timestamp="2020-11-28T17:55:51 UTC" time="12.086" errors="0">
  <testcase name="launchBrowser" time="4.596" classname="com.ecom.test.SeleniumTestNgTestApp.AssertionsTest"/>
  <testcase name="verifyfaceBookTitle" time="4.159" classname="com.ecom.test.SeleniumTestNgTestApp.AssertionsTest"/>
  <testcase name="loginFaceBook" time="3.286" classname="com.ecom.test.SeleniumTestNgTestApp.AssertionsTest"/>
</testsuite> <!-- Default test -->
