<?xml version="1.0" encoding="UTF-8"?>
<testng-results skipped="0" failed="0" ignored="0" total="3" passed="3">
  <reporter-output>
  </reporter-output>
  <suite name="Default suite" duration-ms="12086" started-at="2020-11-28T17:55:39 UTC" finished-at="2020-11-28T17:55:51 UTC">
    <groups>
    </groups>
    <test name="Default test" duration-ms="12086" started-at="2020-11-28T17:55:39 UTC" finished-at="2020-11-28T17:55:51 UTC">
      <class name="com.ecom.test.SeleniumTestNgTestApp.AssertionsTest">
        <test-method status="PASS" signature="launchBrowser()[pri:0, instance:com.ecom.test.SeleniumTestNgTestApp.AssertionsTest@48503868]" name="launchBrowser" duration-ms="4596" started-at="2020-11-28T17:55:39 UTC" finished-at="2020-11-28T17:55:43 UTC">
          <reporter-output>
          </reporter-output>
        </test-method> <!-- launchBrowser -->
        <test-method status="PASS" signature="verifyfaceBookTitle()[pri:0, instance:com.ecom.test.SeleniumTestNgTestApp.AssertionsTest@48503868]" name="verifyfaceBookTitle" duration-ms="4159" started-at="2020-11-28T17:55:43 UTC" depends-on-methods="com.ecom.test.SeleniumTestNgTestApp.AssertionsTest.launchBrowser" finished-at="2020-11-28T17:55:48 UTC">
          <reporter-output>
          </reporter-output>
        </test-method> <!-- verifyfaceBookTitle -->
        <test-method status="PASS" signature="loginFaceBook()[pri:0, instance:com.ecom.test.SeleniumTestNgTestApp.AssertionsTest@48503868]" name="loginFaceBook" duration-ms="3286" started-at="2020-11-28T17:55:48 UTC" depends-on-methods="com.ecom.test.SeleniumTestNgTestApp.AssertionsTest.verifyfaceBookTitle" finished-at="2020-11-28T17:55:51 UTC">
          <reporter-output>
          </reporter-output>
        </test-method> <!-- loginFaceBook -->
      </class> <!-- com.ecom.test.SeleniumTestNgTestApp.AssertionsTest -->
    </test> <!-- Default test -->
  </suite> <!-- Default suite -->
</testng-results>
